#
# There is insufficient memory for the Java Runtime Environment to continue.
# Native memory allocation (mmap) failed to map 65536 bytes for Failed to commit area from 0x0000023e55750000 to 0x0000023e55760000 of length 65536.
# Possible reasons:
#   The system is out of physical RAM or swap space
#   The process is running with CompressedOops enabled, and the Java Heap may be blocking the growth of the native heap
# Possible solutions:
#   Reduce memory load on the system
#   Increase physical memory or swap space
#   Check if swap backing store is full
#   Decrease Java heap size (-Xmx/-Xms)
#   Decrease number of Java threads
#   Decrease Java thread stack sizes (-Xss)
#   Set larger code cache with -XX:ReservedCodeCacheSize=
# This output file may be truncated or incomplete.
#
#  Out of Memory Error (c:/BuildAgent/work/5ff2f6c26000d570/src/hotspot/os/windows/os_windows.cpp:3281), pid=18412, tid=8412
#
# JRE version:  (11.0.4+10) (build )
# Java VM: OpenJDK 64-Bit Server VM (11.0.4+10-b304.69, mixed mode, aot, sharing, tiered, compressed oops, g1 gc, windows-amd64)
# No core dump will be written. Minidumps are not enabled by default on client versions of Windows
#

---------------  S U M M A R Y ------------

Command Line: com.intellij.util.ReadEnv C:\Users\Malimban\AppData\Local\Temp\intellij-cmd-env.1.tmp

Host: Intel(R) Core(TM) i3-5005U CPU @ 2.00GHz, 4 cores, 3G,  Windows 10 , 64 bit Build 18362 (10.0.18362.329)
Time: Sat Nov 23 23:31:57 2019 Malay Peninsula Standard Time elapsed time: 0 seconds (0d 0h 0m 0s)

---------------  T H R E A D  ---------------

Current thread (0x0000023e40b69800):  JavaThread "Unknown thread" [_thread_in_vm, id=8412, stack(0x000000b141300000,0x000000b141400000)]

Stack: [0x000000b141300000,0x000000b141400000]
Native frames: (J=compiled Java code, j=interpreted, Vv=VM code, C=native code)
V  [jvm.dll+0x5db31a]
V  [jvm.dll+0x70c395]
V  [jvm.dll+0x70d8b8]
V  [jvm.dll+0x70df83]
V  [jvm.dll+0x23dbb8]
V  [jvm.dll+0x5d8a74]
V  [jvm.dll+0x5cdb05]
V  [jvm.dll+0x2fa5bb]
V  [jvm.dll+0x2fa52a]
V  [jvm.dll+0x2fa402]
V  [jvm.dll+0x2ff3d5]
V  [jvm.dll+0x3478b7]
V  [jvm.dll+0x347f96]
V  [jvm.dll+0x347993]
V  [jvm.dll+0x2d4e28]
V  [jvm.dll+0x2d5fd7]
V  [jvm.dll+0x6eb717]
V  [jvm.dll+0x6ecf0c]
V  [jvm.dll+0x354fb9]
V  [jvm.dll+0x6d35be]
V  [jvm.dll+0x3bd673]
V  [jvm.dll+0x3bf9f1]
C  [java.exe+0x3763]
C  [java.exe+0x17a0c]
C  [KERNEL32.DLL+0x17bd4]
C  [ntdll.dll+0x6ced1]


---------------  P R O C E S S  ---------------

Threads class SMR info:
_java_thread_list=0x0000023e3f2b3a00, length=0, elements={
}

Java Threads: ( => current thread )

Other Threads:
  0x0000023e40b80000 GCTaskThread "GC Thread#0" [stack: 0x000000b141400000,0x000000b141500000] [id=7196]
  0x0000023e40bab000 ConcurrentGCThread "G1 Main Marker" [stack: 0x000000b141500000,0x000000b141600000] [id=14952]
  0x0000023e40bac800 ConcurrentGCThread "G1 Conc#0" [stack: 0x000000b141600000,0x000000b141700000] [id=20512]

[error occurred during error reporting (printing all threads), id 0xc0000005, EXCEPTION_ACCESS_VIOLATION (0xc0000005) at pc=0x00007ffff7e65727]

VM state:not at safepoint (not fully initialized)

VM Mutex/Monitor currently owned by a thread:  ([mutex/lock_event])
[0x0000023e40b65c00] Heap_lock - owner thread: 0x0000023e40b69800

Heap address: 0x00000000c1200000, size: 1006 MB, Compressed Oops mode: Non-zero based: 0x00000000c1200000
Narrow klass base: 0x0000000000000000, Narrow klass shift: 0

GC Heap History (0 events):
No events

Deoptimization events (0 events):
No events

Classes redefined (0 events):
No events

Internal exceptions (0 events):
No events

Events (0 events):
No events


Dynamic libraries:
0x00007ff626960000 - 0x00007ff6269a7000 	C:\Program Files\JetBrains\PyCharm 2019.2\jbr\bin\java.exe
0x00007ff85a000000 - 0x00007ff85a1f0000 	C:\WINDOWS\SYSTEM32\ntdll.dll
0x00007ff830e90000 - 0x00007ff830ea4000 	C:\Program Files\AVAST Software\Avast\aswhook.dll
0x00007ff859db0000 - 0x00007ff859e62000 	C:\WINDOWS\System32\KERNEL32.DLL
0x00007ff857070000 - 0x00007ff857313000 	C:\WINDOWS\System32\KERNELBASE.dll
0x00007ff859080000 - 0x00007ff859214000 	C:\WINDOWS\System32\USER32.dll
0x00007ff857bf0000 - 0x00007ff857c11000 	C:\WINDOWS\System32\win32u.dll
0x00007ff859960000 - 0x00007ff859986000 	C:\WINDOWS\System32\GDI32.dll
0x00007ff857c20000 - 0x00007ff857db4000 	C:\WINDOWS\System32\gdi32full.dll
0x00007ff857e10000 - 0x00007ff857eae000 	C:\WINDOWS\System32\msvcp_win.dll
0x00007ff857f60000 - 0x00007ff85805a000 	C:\WINDOWS\System32\ucrtbase.dll
0x00007ff842890000 - 0x00007ff842b15000 	C:\WINDOWS\WinSxS\amd64_microsoft.windows.common-controls_6595b64144ccf1df_6.0.18362.476_none_e6c4b11b130f2595\COMCTL32.dll
0x00007ff858f10000 - 0x00007ff858fae000 	C:\WINDOWS\System32\msvcrt.dll
0x00007ff859620000 - 0x00007ff859956000 	C:\WINDOWS\System32\combase.dll
0x00007ff859af0000 - 0x00007ff859c10000 	C:\WINDOWS\System32\RPCRT4.dll
0x00007ff856ff0000 - 0x00007ff857070000 	C:\WINDOWS\System32\bcryptPrimitives.dll
0x00007ff859990000 - 0x00007ff8599be000 	C:\WINDOWS\System32\IMM32.DLL
0x00007ff84c840000 - 0x00007ff84c857000 	C:\Program Files\JetBrains\PyCharm 2019.2\jbr\bin\vcruntime140.dll
0x00007ff83aeb0000 - 0x00007ff83af4d000 	C:\Program Files\JetBrains\PyCharm 2019.2\jbr\bin\msvcp140.dll
0x00007ffff7b80000 - 0x00007ffff8638000 	C:\Program Files\JetBrains\PyCharm 2019.2\jbr\bin\server\jvm.dll
0x00007ff858fd0000 - 0x00007ff859073000 	C:\WINDOWS\System32\ADVAPI32.dll
0x00007ff859e70000 - 0x00007ff859f07000 	C:\WINDOWS\System32\sechost.dll
0x00007ff858660000 - 0x00007ff858668000 	C:\WINDOWS\System32\PSAPI.DLL
0x00007ff847bc0000 - 0x00007ff847bc9000 	C:\WINDOWS\SYSTEM32\WSOCK32.dll
0x00007ff8595b0000 - 0x00007ff85961f000 	C:\WINDOWS\System32\WS2_32.dll
0x00007ff854d70000 - 0x00007ff854d94000 	C:\WINDOWS\SYSTEM32\WINMM.dll
0x00007ff84d220000 - 0x00007ff84d22a000 	C:\WINDOWS\SYSTEM32\VERSION.dll
0x00007ff8549d0000 - 0x00007ff8549fd000 	C:\WINDOWS\SYSTEM32\WINMMBASE.dll
0x00007ff857dc0000 - 0x00007ff857e0a000 	C:\WINDOWS\System32\cfgmgr32.dll
0x00007ff856f30000 - 0x00007ff856f41000 	C:\WINDOWS\System32\kernel.appcore.dll
0x00007ff842c30000 - 0x00007ff842c41000 	C:\Program Files\JetBrains\PyCharm 2019.2\jbr\bin\verify.dll
0x00007ff84ca40000 - 0x00007ff84cc34000 	C:\WINDOWS\SYSTEM32\DBGHELP.DLL
0x00007ff84c9f0000 - 0x00007ff84ca1a000 	C:\WINDOWS\SYSTEM32\dbgcore.DLL
0x00007ff842330000 - 0x00007ff842359000 	C:\Program Files\JetBrains\PyCharm 2019.2\jbr\bin\java.dll
0x00007ff842310000 - 0x00007ff842327000 	C:\Program Files\JetBrains\PyCharm 2019.2\jbr\bin\zip.dll
0x00007ff850f20000 - 0x00007ff850f2b000 	C:\Program Files\JetBrains\PyCharm 2019.2\jbr\bin\jimage.dll

dbghelp: loaded successfully - version: 4.0.5 - missing functions: none
symbol engine: initialized successfully - sym options: 0x614 - pdb path: .;C:\Program Files\JetBrains\PyCharm 2019.2\jbr\bin;C:\WINDOWS\SYSTEM32;C:\Program Files\AVAST Software\Avast;C:\WINDOWS\WinSxS\amd64_microsoft.windows.common-controls_6595b64144ccf1df_6.0.18362.476_none_e6c4b11b130f2595;C:\Program Files\JetBrains\PyCharm 2019.2\jbr\bin\server

VM Arguments:
java_command: com.intellij.util.ReadEnv C:\Users\Malimban\AppData\Local\Temp\intellij-cmd-env.1.tmp
java_class_path (initial): C:\Program Files\JetBrains\PyCharm 2019.2\lib\util.jar
Launcher Type: SUN_STANDARD

[Global flags]
     intx CICompilerCount                          = 3                                         {product} {ergonomic}
     uint ConcGCThreads                            = 1                                         {product} {ergonomic}
     uint G1ConcRefinementThreads                  = 4                                         {product} {ergonomic}
   size_t G1HeapRegionSize                         = 1048576                                   {product} {ergonomic}
    uintx GCDrainStackTargetSize                   = 64                                        {product} {ergonomic}
   size_t InitialHeapSize                          = 67108864                                  {product} {ergonomic}
   size_t MarkStackSize                            = 4194304                                   {product} {ergonomic}
   size_t MaxHeapSize                              = 1054867456                                {product} {ergonomic}
   size_t MinHeapDeltaBytes                        = 1048576                                   {product} {ergonomic}
    uintx NonNMethodCodeHeapSize                   = 5830092                                {pd product} {ergonomic}
    uintx NonProfiledCodeHeapSize                  = 122914074                              {pd product} {ergonomic}
    uintx ProfiledCodeHeapSize                     = 122914074                              {pd product} {ergonomic}
    uintx ReservedCodeCacheSize                    = 251658240                              {pd product} {ergonomic}
     bool SegmentedCodeCache                       = true                                      {product} {ergonomic}
     bool UseCompressedClassPointers               = true                                 {lp64_product} {ergonomic}
     bool UseCompressedOops                        = true                                 {lp64_product} {ergonomic}
     bool UseG1GC                                  = true                                      {product} {ergonomic}
     bool UseLargePagesIndividualAllocation        = false                                  {pd product} {ergonomic}

Logging:
Log output configuration:
 #0: stdout all=warning uptime,level,tags
 #1: stderr all=off uptime,level,tags

Environment Variables:
PATH=C:\Users\Malimban\Desktop\untitled\venv\Scripts;C:\Program Files (x86)\Common Files\Oracle\Java\javapath;C:\WINDOWS\system32;C:\WINDOWS;C:\WINDOWS\System32\Wbem;C:\WINDOWS\System32\WindowsPowerShell\v1.0\;C:\WINDOWS\System32\OpenSSH\;C:\Program Files\IBM\SPSS\Statistics\25\JRE\bin;C:\Users\Malimban\AppData\Local\Microsoft\WindowsApps;;C:\Program Files\JetBrains\CLion 2019.2\bin;;C:\Program Files\JetBrains\PyCharm 2019.2\bin;
USERNAME=Malimban
OS=Windows_NT
PROCESSOR_IDENTIFIER=Intel64 Family 6 Model 61 Stepping 4, GenuineIntel



---------------  S Y S T E M  ---------------

OS: Windows 10 , 64 bit Build 18362 (10.0.18362.329)

CPU:total 4 (initial active 4) (2 cores per cpu, 2 threads per core) family 6 model 61 stepping 4, cmov, cx8, fxsr, mmx, sse, sse2, sse3, ssse3, sse4.1, sse4.2, popcnt, avx, avx2, aes, clmul, erms, 3dnowpref, lzcnt, ht, tsc, tscinvbit, bmi1, bmi2, adx, fma

Memory: 4k page, system-wide physical 4016M (349M free)
TotalPageFile size 16304M (AvailPageFile size 2M)
current process WorkingSet (physical memory assigned to process): 11M, peak: 11M
current process commit charge ("private bytes"): 117M, peak: 117M

vm_info: OpenJDK 64-Bit Server VM (11.0.4+10-b304.69) for windows-amd64 JRE (11.0.4+10-b304.69), built on Sep  9 2019 11:39:50 by "" with MS VC++ 14.0 (VS2015)

END.
